<?xml version="1.0" encoding="UTF-8"?>
<!-- Generated by org.testng.reporters.JUnitXMLReporter -->
<testsuite hostname="DESKTOP-MEGCP4U" name="Default test" tests="10" failures="0" timestamp="7 Sep 2021 14:57:23 GMT" time="105.114" errors="0">
  <testcase name="RIPC_Login" time="18.069" classname="HoldActiveCancel_GB_main.AddResponse_Active_GB"/>
  <testcase name="search_request" time="2.53" classname="HoldActiveCancel_GB_main.AddResponse_Active_GB"/>
  <testcase name="click_req" time="10.008" classname="HoldActiveCancel_GB_main.AddResponse_Active_GB"/>
  <testcase name="create_res" time="20.537" classname="HoldActiveCancel_GB_main.AddResponse_Active_GB"/>
  <testcase name="add_Attachement" time="5.194" classname="HoldActiveCancel_GB_main.AddResponse_Active_GB"/>
  <testcase name="fill_resdetails" time="1.936" classname="HoldActiveCancel_GB_main.AddResponse_Active_GB"/>
  <testcase name="fill_resAttrdetails" time="5.277" classname="HoldActiveCancel_GB_main.AddResponse_Active_GB"/>
  <testcase name="fill_ratesdetails" time="0.602" classname="HoldActiveCancel_GB_main.AddResponse_Active_GB"/>
  <testcase name="save_Form" time="25.108" classname="HoldActiveCancel_GB_main.AddResponse_Active_GB"/>
  <testcase name="res_Status" time="4.459" classname="HoldActiveCancel_GB_main.AddResponse_Active_GB"/>
</testsuite> <!-- Default test -->
